2025-09-04T01:22:13Z	Aber
2025-09-04T01:50:20Z	CTM
2025-09-04T02:06:10Z	Aber
2025-09-04T03:58:59Z	Amber Line
2025-09-04T04:26:06Z	ATOS
2025-09-04T05:33:30Z	BART
2025-09-04T05:33:54Z	Bolender
2025-09-04T05:34:32Z	BREVINI POWER
2025-09-04T05:35:33Z	CAPRONI
2025-09-04T06:12:10Z	CASAPPA
2025-09-04T06:13:41Z	CBF
2025-09-04T06:14:20Z	CTM
2025-09-04T06:16:54Z	DINAMIK MOTOR REDUKTOR
2025-09-04T06:29:05Z	EGE мобільні баки
2025-09-04T06:29:48Z	EMMEGI
2025-09-04T06:41:36Z	EPE Italiana
2025-09-04T06:47:50Z	F.LLI
2025-09-04T06:48:31Z	FAI FILTRI S.r.L.
2025-09-04T06:49:11Z	Formiko (ротатори)
2025-09-04T06:51:42Z	FOX
2025-09-04T06:52:07Z	Frasma
2025-09-04T06:55:52Z	GAMAK MAKİNE
2025-09-04T07:13:31Z	GEMELS
2025-09-04T07:24:10Z	GMS
2025-09-04T07:25:40Z	Neoflex / Handanshi Kangmai Hydraulic Equipment Co., Ltd СТАНКИ РВТ
2025-09-04T07:26:54Z	HANSA
2025-09-04T07:27:48Z	Hidropnevmotechnika
2025-09-04T07:31:29Z	HMS телескопічні гідроциліндри
2025-09-04T08:04:11Z	HP Туреччина
2025-09-04T08:08:31Z	HST Німеччина
2025-09-04T08:09:38Z	HV hydraulic
2025-09-04T08:17:27Z	HVD без гарантії комплектуючі для тягачів
2025-09-04T08:20:57Z	HYDAC
2025-09-04T08:22:45Z	Hydrocar
2025-09-04T08:24:26Z	Hidroforce (лебідки)
2025-09-04T08:24:52Z	HYVA
2025-09-04T08:29:30Z	IFM (датчики)
2025-09-04T08:33:02Z	IKRON
2025-09-04T08:45:37Z	KAZEL
2025-09-04T08:47:39Z	Kozmaksan (лебідки)
2025-09-04T08:48:37Z	LCC (Nanjing Xiading Electronic) - пульти
2025-09-04T08:49:35Z	LIFAM
2025-09-04T08:51:28Z	LONGKAI POWER ГЕНЕРАТОРИ ПРОМИСЛОВІ
2025-09-04T09:49:30Z	M+S Hydraulic
2025-09-04T10:30:44Z	MARCHESINI
2025-09-04T10:34:57Z	Motive
2025-09-04T10:48:31Z	Mozioni насоси PC
2025-09-04T12:19:48Z	MPfiltri
2025-09-04T12:20:33Z	NEO-DCV аналог Badestnost
2025-09-04T12:22:39Z	NEO-DCV секційні розподільники
2025-09-04T12:31:39Z	Oleodinamica 2MP
2025-09-05T04:43:54Z	MOZIONI насоси MGP
2025-09-05T05:57:17Z	Oleoweb
2025-09-05T06:17:52Z	OMFB
2025-09-05T07:45:25Z	OMT
2025-09-05T07:57:15Z	LUEN
2025-09-05T08:04:44Z	Pnomek
2025-09-05T08:25:35Z	PONAR
2025-09-05T08:27:11Z	SAIP
2025-09-05T08:36:20Z	SUNFAB
2025-09-05T08:37:08Z	Shandong Shineeast Fluid Control Systems
2025-09-05T09:13:48Z	VIBO (MPP)
2025-09-05T09:15:01Z	VIS Hydraulics SRL
2025-09-05T09:55:35Z	Walvoil
2025-09-05T09:56:03Z	Webtec
2025-09-05T10:02:05Z	ГІДРОСИЛА
2025-09-05T10:12:00Z	Електромагніти
2025-09-05T10:12:47Z	РВТ арматура
2025-09-05T10:16:12Z	Роз'єми
2025-09-05T10:19:22Z	Трос Україна
